1000000000000000619 1000000000000000621
1000000000000003337 1000000000000003339
1000000000000003811 1000000000000003813
1000000000000004447 1000000000000004449
1000000000000006631 1000000000000006633
1000000000000007681 1000000000000007683
1000000000000008479 1000000000000008481
1000000000000008659 1000000000000008661
1000000000000008899 1000000000000008901
1000000000000011947 1000000000000011949
1000000000000013057 1000000000000013059
1000000000000013399 1000000000000013401
1000000000000014581 1000000000000014583
1000000000000015127 1000000000000015129
1000000000000015811 1000000000000015813
1000000000000017449 1000000000000017451
1000000000000018517 1000000000000018519
1000000000000019069 1000000000000019071
1000000000000020191 1000000000000020193
1000000000000021019 1000000000000021021
1000000000000021121 1000000000000021123
1000000000000022849 1000000000000022851
1000000000000025597 1000000000000025599
1000000000000026167 1000000000000026169
1000000000000027517 1000000000000027519
1000000000000028177 1000000000000028179
1000000000000030061 1000000000000030063
1000000000000031627 1000000000000031629
1000000000000031711 1000000000000031713
1000000000000032131 1000000000000032133
1000000000000032209 1000000000000032211
1000000000000033757 1000000000000033759
1000000000000034417 1000000000000034419
1000000000000035029 1000000000000035031
1000000000000035101 1000000000000035103
1000000000000035509 1000000000000035511
1000000000000036571 1000000000000036573
1000000000000038689 1000000000000038691
1000000000000041197 1000000000000041199
1000000000000042469 1000000000000042471
1000000000000045241 1000000000000045243
1000000000000045547 1000000000000045549
1000000000000045739 1000000000000045741
1000000000000049099 1000000000000049101
1000000000000050251 1000000000000050253
1000000000000050659 1000000000000050661
1000000000000052237 1000000000000052239
1000000000000052837 1000000000000052839
1000000000000053599 1000000000000053601
1000000000000057709 1000000000000057711
1000000000000058009 1000000000000058011
1000000000000059941 1000000000000059943
1000000000000060181 1000000000000060183
1000000000000061351 1000000000000061353
1000000000000062071 1000000000000062073
1000000000000062491 1000000000000062493
1000000000000062707 1000000000000062709
1000000000000062797 1000000000000062799
1000000000000063691 1000000000000063693
1000000000000064339 1000000000000064341
1000000000000066337 1000000000000066339
1000000000000066799 1000000000000066801
1000000000000067177 1000000000000067179
1000000000000067579 1000000000000067581
1000000000000068311 1000000000000068313
1000000000000070651 1000000000000070653
1000000000000070747 1000000000000070749
1000000000000071989 1000000000000071991
1000000000000073519 1000000000000073521
1000000000000074551 1000000000000074553
1000000000000075577 1000000000000075579
1000000000000076459 1000000000000076461
1000000000000077119 1000000000000077121
1000000000000079291 1000000000000079293
1000000000000083347 1000000000000083349
1000000000000083737 1000000000000083739
1000000000000084241 1000000000000084243
1000000000000085897 1000000000000085899
1000000000000089059 1000000000000089061
1000000000000089227 1000000000000089229
1000000000000089839 1000000000000089841
1000000000000091327 1000000000000091329
1000000000000091339 1000000000000091341
1000000000000092347 1000000000000092349
1000000000000093229 1000000000000093231
1000000000000093511 1000000000000093513
1000000000000097777 1000000000000097779
1000000000000098497 1000000000000098499
1000000000000099907 1000000000000099909
1000000000000100807 1000000000000100809
1000000000000101227 1000000000000101229
1000000000000104401 1000000000000104403
1000000000000104557 1000000000000104559
1000000000000107479 1000000000000107481
1000000000000107497 1000000000000107499
1000000000000109237 1000000000000109239
1000000000000109597 1000000000000109599
1000000000000109957 1000000000000109959
1000000000000111259 1000000000000111261
1000000000000111697 1000000000000111699
1000000000000114469 1000000000000114471
1000000000000116419 1000000000000116421
1000000000000116881 1000000000000116883
1000000000000123457 1000000000000123459
1000000000000124477 1000000000000124479
1000000000000128371 1000000000000128373
1000000000000129487 1000000000000129489
1000000000000130411 1000000000000130413
1000000000000132499 1000000000000132501
1000000000000133441 1000000000000133443
1000000000000134701 1000000000000134703
1000000000000134941 1000000000000134943
1000000000000138649 1000000000000138651
1000000000000140299 1000000000000140301
1000000000000140791 1000000000000140793
1000000000000141241 1000000000000141243
1000000000000141667 1000000000000141669
1000000000000141949 1000000000000141951
1000000000000143587 1000000000000143589
1000000000000145141 1000000000000145143
1000000000000145447 1000000000000145449
1000000000000145897 1000000000000145899
1000000000000148051 1000000000000148053
1000000000000149647 1000000000000149649
1000000000000150727 1000000000000150729
1000000000000150949 1000000000000150951
1000000000000153151 1000000000000153153
1000000000000153571 1000000000000153573
1000000000000159577 1000000000000159579
1000000000000162157 1000000000000162159
1000000000000162529 1000000000000162531
1000000000000163177 1000000000000163179
1000000000000163189 1000000000000163191
1000000000000164419 1000000000000164421
1000000000000166027 1000000000000166029
1000000000000166519 1000000000000166521
1000000000000166531 1000000000000166533
1000000000000166771 1000000000000166773
1000000000000169687 1000000000000169689
1000000000000171397 1000000000000171399
1000000000000171631 1000000000000171633
1000000000000171967 1000000000000171969
1000000000000175621 1000000000000175623
1000000000000175981 1000000000000175983
1000000000000176869 1000000000000176871
1000000000000176947 1000000000000176949
1000000000000177037 1000000000000177039
1000000000000179797 1000000000000179799
1000000000000181261 1000000000000181263
1000000000000182371 1000000000000182373
1000000000000182791 1000000000000182793
1000000000000184459 1000000000000184461
1000000000000186727 1000000000000186729
1000000000000190309 1000000000000190311
1000000000000190489 1000000000000190491
1000000000000191737 1000000000000191739
1000000000000192481 1000000000000192483
1000000000000194161 1000000000000194163
1000000000000195391 1000000000000195393
1000000000000198367 1000000000000198369
1000000000000199321 1000000000000199323
1000000000000201301 1000000000000201303
1000000000000202261 1000000000000202263
1000000000000202951 1000000000000202953
1000000000000204457 1000000000000204459
1000000000000206407 1000000000000206409
1000000000000206551 1000000000000206553
1000000000000207091 1000000000000207093
1000000000000207949 1000000000000207951
1000000000000209179 1000000000000209181
1000000000000210169 1000000000000210171
1000000000000210217 1000000000000210219
1000000000000212479 1000000000000212481
1000000000000213739 1000000000000213741
1000000000000213997 1000000000000213999
1000000000000215089 1000000000000215091
1000000000000217369 1000000000000217371
1000000000000217861 1000000000000217863
1000000000000219367 1000000000000219369
1000000000000220249 1000000000000220251
1000000000000221371 1000000000000221373
1000000000000221947 1000000000000221949
1000000000000224371 1000000000000224373
1000000000000224719 1000000000000224721
1000000000000226387 1000000000000226389
1000000000000227197 1000000000000227199
1000000000000231859 1000000000000231861
1000000000000236197 1000000000000236199
1000000000000236269 1000000000000236271
1000000000000240067 1000000000000240069
1000000000000242851 1000000000000242853
1000000000000243181 1000000000000243183
1000000000000244807 1000000000000244809
1000000000000250591 1000000000000250593
1000000000000252967 1000000000000252969
1000000000000254089 1000000000000254091
1000000000000254131 1000000000000254133
1000000000000254989 1000000000000254991
1000000000000255361 1000000000000255363
1000000000000256861 1000000000000256863
1000000000000257071 1000000000000257073
1000000000000258427 1000000000000258429
1000000000000258667 1000000000000258669
1000000000000258709 1000000000000258711
1000000000000259117 1000000000000259119
1000000000000259519 1000000000000259521
1000000000000260431 1000000000000260433
1000000000000261877 1000000000000261879
1000000000000263287 1000000000000263289
1000000000000266779 1000000000000266781
1000000000000267349 1000000000000267351
1000000000000269239 1000000000000269241
1000000000000269449 1000000000000269451
1000000000000269881 1000000000000269883
1000000000000270697 1000000000000270699
1000000000000271717 1000000000000271719
1000000000000272569 1000000000000272571
1000000000000273511 1000000000000273513
1000000000000274267 1000000000000274269
1000000000000274729 1000000000000274731
1000000000000275101 1000000000000275103
1000000000000275719 1000000000000275721
1000000000000282157 1000000000000282159
1000000000000282361 1000000000000282363
1000000000000284737 1000000000000284739
1000000000000284791 1000000000000284793
1000000000000285811 1000000000000285813
1000000000000287989 1000000000000287991
1000000000000288517 1000000000000288519
1000000000000288667 1000000000000288669
1000000000000289999 1000000000000290001
1000000000000290869 1000000000000290871
1000000000000292567 1000000000000292569
1000000000000295339 1000000000000295341
1000000000000296467 1000000000000296469
1000000000000297391 1000000000000297393
