This file contains any messages produced by compilers while
running configure, to aid debugging if configure makes a mistake.

configure:593: checking for a BSD compatible install
configure:646: checking whether build environment is sane
configure:703: checking whether make sets ${MAKE}
configure:749: checking for working aclocal
configure:762: checking for working autoconf
configure:775: checking for working automake
configure:788: checking for working autoheader
configure:801: checking for working makeinfo
configure:828: checking for gcc
configure:941: checking whether the C compiler (gcc  ) works
configure:957: gcc -o conftest    conftest.c  1>&5
configure:983: checking whether the C compiler (gcc  ) is a cross-compiler
configure:988: checking whether we are using GNU C
configure:997: gcc -E conftest.c
configure:1016: checking whether gcc accepts -g
configure:1054: checking how to run the C preprocessor
configure:1075: gcc -E  conftest.c >/dev/null 2>conftest.out
configure:1134: checking for ANSI C header files
configure:1147: gcc -E  conftest.c >/dev/null 2>conftest.out
configure:1214: gcc -o conftest -g -O2   conftest.c  1>&5
configure:1241: checking for EMX
configure:1255: gcc -c -g -O2  conftest.c 1>&5
configure: In function `main':
configure:1250: `kill' undeclared (first use in this function)
configure:1250: (Each undeclared identifier is reported only once
configure:1250: for each function it appears in.)
configure:1250: parse error before "me"
configure: failed program was:
#line 1246 "configure"
#include "confdefs.h"

int main() {
#ifndef __EMX__
	kill me!
	#endif 
; return 0; }
configure:1272: checking for typeof
configure:1285: gcc -c -g -O2  conftest.c 1>&5
configure:1305: checking for long long
configure:1317: gcc -c -g -O2  conftest.c 1>&5
configure:1341: checking for dirent.h that defines DIR
configure:1354: gcc -c -g -O2  conftest.c 1>&5
configure:1379: checking for opendir in -ldir
configure:1398: gcc -o conftest -g -O2   conftest.c -ldir   1>&5
/usr/lib/gcc-lib/i386-slackware-linux/3.2.2/../../../../i386-slackware-linux/bin/ld: cannot find -ldir
collect2: ld returned 1 exit status
configure: failed program was:
#line 1387 "configure"
#include "confdefs.h"
/* Override any gcc2 internal prototype to avoid an error.  */
/* We use char because int might match the return type of a gcc2
    builtin and then its argument prototype would still apply.  */
char opendir();

int main() {
opendir()
; return 0; }
configure:1462: checking for sys/wait.h that is POSIX.1 compatible
configure:1483: gcc -c -g -O2  conftest.c 1>&5
configure:1507: checking for fcntl.h
configure:1517: gcc -E  conftest.c >/dev/null 2>conftest.out
configure:1507: checking for limits.h
configure:1517: gcc -E  conftest.c >/dev/null 2>conftest.out
configure:1507: checking for sys/ioctl.h
configure:1517: gcc -E  conftest.c >/dev/null 2>conftest.out
configure:1507: checking for sys/time.h
configure:1517: gcc -E  conftest.c >/dev/null 2>conftest.out
configure:1507: checking for time.h
configure:1517: gcc -E  conftest.c >/dev/null 2>conftest.out
configure:1507: checking for unistd.h
configure:1517: gcc -E  conftest.c >/dev/null 2>conftest.out
configure:1507: checking for math.h
configure:1517: gcc -E  conftest.c >/dev/null 2>conftest.out
configure:1507: checking for ieee.h
configure:1517: gcc -E  conftest.c >/dev/null 2>conftest.out
configure:1513:18: ieee.h: No such file or directory
configure: failed program was:
#line 1512 "configure"
#include "confdefs.h"
#include <ieee.h>
configure:1507: checking for endian.h
configure:1517: gcc -E  conftest.c >/dev/null 2>conftest.out
configure:1547: checking for values.h
configure:1557: gcc -E  conftest.c >/dev/null 2>conftest.out
configure:1587: checking for sigaction.h
configure:1597: gcc -E  conftest.c >/dev/null 2>conftest.out
configure:1593:23: sigaction.h: No such file or directory
configure: failed program was:
#line 1592 "configure"
#include "confdefs.h"
#include <sigaction.h>
configure:1627: checking for netinet/in_systm.h
configure:1637: gcc -E  conftest.c >/dev/null 2>conftest.out
configure:1667: checking for netinet/in_system.h
configure:1677: gcc -E  conftest.c >/dev/null 2>conftest.out
configure:1673:31: netinet/in_system.h: No such file or directory
configure: failed program was:
#line 1672 "configure"
#include "confdefs.h"
#include <netinet/in_system.h>
configure:1707: checking for netinet/ip.h
configure:1717: gcc -E  conftest.c >/dev/null 2>conftest.out
configure:1747: checking for netinet/dhcp.h
configure:1757: gcc -E  conftest.c >/dev/null 2>conftest.out
configure:1753:26: netinet/dhcp.h: No such file or directory
configure: failed program was:
#line 1752 "configure"
#include "confdefs.h"
#include <netinet/dhcp.h>
configure:1787: checking for sys/select.h
configure:1797: gcc -E  conftest.c >/dev/null 2>conftest.out
configure:1827: checking for sys/resource.h
configure:1837: gcc -E  conftest.c >/dev/null 2>conftest.out
configure:1867: checking for sys/utsname.h
configure:1877: gcc -E  conftest.c >/dev/null 2>conftest.out
configure:1907: checking for sys/un.h
configure:1917: gcc -E  conftest.c >/dev/null 2>conftest.out
configure:1947: checking for sys/fmutex.h
configure:1957: gcc -E  conftest.c >/dev/null 2>conftest.out
configure:1953:24: sys/fmutex.h: No such file or directory
configure: failed program was:
#line 1952 "configure"
#include "confdefs.h"
#include <sys/fmutex.h>
configure:1987: checking for sys/cygwin.h
configure:1997: gcc -E  conftest.c >/dev/null 2>conftest.out
configure:1993:24: sys/cygwin.h: No such file or directory
configure: failed program was:
#line 1992 "configure"
#include "confdefs.h"
#include <sys/cygwin.h>
configure:2027: checking for io.h
configure:2037: gcc -E  conftest.c >/dev/null 2>conftest.out
configure:2033:16: io.h: No such file or directory
configure: failed program was:
#line 2032 "configure"
#include "confdefs.h"
#include <io.h>
configure:2067: checking for setjmp.h
configure:2077: gcc -E  conftest.c >/dev/null 2>conftest.out
configure:2107: checking for langinfo.h
configure:2117: gcc -E  conftest.c >/dev/null 2>conftest.out
configure:2147: checking for md5.h
configure:2157: gcc -E  conftest.c >/dev/null 2>conftest.out
configure:2153:17: md5.h: No such file or directory
configure: failed program was:
#line 2152 "configure"
#include "confdefs.h"
#include <md5.h>
configure:2185: checking for working const
configure:2239: gcc -c -g -O2  conftest.c 1>&5
configure:2260: checking for inline
configure:2274: gcc -c -g -O2  conftest.c 1>&5
configure:2300: checking for size_t
configure:2333: checking whether time.h and sys/time.h may both be included
configure:2347: gcc -c -g -O2  conftest.c 1>&5
configure:2368: checking whether struct tm is in sys/time.h or time.h
configure:2381: gcc -c -g -O2  conftest.c 1>&5
configure:2411: checking size of short
configure:2430: gcc -o conftest -g -O2   conftest.c  1>&5
configure:2450: checking size of unsigned short
configure:2469: gcc -o conftest -g -O2   conftest.c  1>&5
configure:2489: checking size of int
configure:2508: gcc -o conftest -g -O2   conftest.c  1>&5
configure:2528: checking size of unsigned
configure:2547: gcc -o conftest -g -O2   conftest.c  1>&5
configure:2567: checking size of long
configure:2586: gcc -o conftest -g -O2   conftest.c  1>&5
configure:2606: checking size of unsigned long
configure:2625: gcc -o conftest -g -O2   conftest.c  1>&5
configure:2645: checking for big endian
configure:2665: gcc -o conftest -g -O2   conftest.c  1>&5
configure: failed program was:
#line 2653 "configure"
#include "confdefs.h"

	long l;
	char *c = (char *)&l;
	int main()
	{
		l = 0x12345678L;
		return !(c[sizeof(long) - 1] == 0x78 && c[sizeof(long) - 2] == 0x56 && c[sizeof(long) - 3] == 0x34 && c[sizeof(long) - 4] == 0x12);
	}
	
configure:2682: checking for little endian
configure:2702: gcc -o conftest -g -O2   conftest.c  1>&5
configure:2734: checking whether gcc needs -traditional
configure:2780: checking for 8-bit clean memcmp
configure:2798: gcc -o conftest -g -O2   conftest.c  1>&5
configure:2816: checking return type of signal handlers
configure:2838: gcc -c -g -O2  conftest.c 1>&5
configure:2857: checking for strftime
configure:2885: gcc -o conftest -g -O2   conftest.c  1>&5
configure:2953: checking for vprintf
configure:2981: gcc -o conftest -g -O2   conftest.c  1>&5
configure:3060: checking for calloc
configure:3088: gcc -o conftest -g -O2   conftest.c  1>&5
configure:3115: checking for snprintf
configure:3143: gcc -o conftest -g -O2   conftest.c  1>&5
configure:3170: checking for memmove
configure:3198: gcc -o conftest -g -O2   conftest.c  1>&5
configure:3225: checking for raise
configure:3253: gcc -o conftest -g -O2   conftest.c  1>&5
configure:3280: checking for gettimeofday
configure:3308: gcc -o conftest -g -O2   conftest.c  1>&5
configure:3280: checking for mkdir
configure:3308: gcc -o conftest -g -O2   conftest.c  1>&5
configure:3280: checking for select
configure:3308: gcc -o conftest -g -O2   conftest.c  1>&5
configure:3280: checking for strcspn
configure:3308: gcc -o conftest -g -O2   conftest.c  1>&5
configure:3292: warning: conflicting types for built-in function `strcspn'
configure:3280: checking for strerror
configure:3308: gcc -o conftest -g -O2   conftest.c  1>&5
configure:3280: checking for strstr
configure:3308: gcc -o conftest -g -O2   conftest.c  1>&5
configure:3292: warning: conflicting types for built-in function `strstr'
configure:3280: checking for strtol
configure:3308: gcc -o conftest -g -O2   conftest.c  1>&5
configure:3280: checking for strtoul
configure:3308: gcc -o conftest -g -O2   conftest.c  1>&5
configure:3280: checking for strtoq
configure:3308: gcc -o conftest -g -O2   conftest.c  1>&5
configure:3280: checking for strtoll
configure:3308: gcc -o conftest -g -O2   conftest.c  1>&5
configure:3280: checking for chmod
configure:3308: gcc -o conftest -g -O2   conftest.c  1>&5
configure:3335: checking for getpid
configure:3363: gcc -o conftest -g -O2   conftest.c  1>&5
configure:3335: checking for setpgid
configure:3363: gcc -o conftest -g -O2   conftest.c  1>&5
configure:3390: checking for popen
configure:3418: gcc -o conftest -g -O2   conftest.c  1>&5
configure:3445: checking for uname
configure:3473: gcc -o conftest -g -O2   conftest.c  1>&5
configure:3500: checking for getpagesize
configure:3528: gcc -o conftest -g -O2   conftest.c  1>&5
configure:3555: checking for strptime
configure:3583: gcc -o conftest -g -O2   conftest.c  1>&5
configure:3610: checking for setlocale
configure:3638: gcc -o conftest -g -O2   conftest.c  1>&5
configure:3665: checking for nl_langinfo
configure:3693: gcc -o conftest -g -O2   conftest.c  1>&5
configure:3719: checking for sigsetjmp/siglongjmp
configure:3731: gcc -o conftest -g -O2   conftest.c  1>&5
configure:3760: checking for atan in -lm
configure:3779: gcc -o conftest -g -O2   conftest.c -lm   1>&5
configure:3808: checking for MD5Data in -lmd
configure:3827: gcc -o conftest -g -O2   conftest.c -lmd  -lm  1>&5
/usr/lib/gcc-lib/i386-slackware-linux/3.2.2/../../../../i386-slackware-linux/bin/ld: cannot find -lmd
collect2: ld returned 1 exit status
configure: failed program was:
#line 3816 "configure"
#include "confdefs.h"
/* Override any gcc2 internal prototype to avoid an error.  */
/* We use char because int might match the return type of a gcc2
    builtin and then its argument prototype would still apply.  */
char MD5Data();

int main() {
MD5Data()
; return 0; }
configure:3857: checking for MD5Init
configure:3885: gcc -o conftest -g -O2   conftest.c -lm  1>&5
/var/tmp/ccAMLkOl.o(.text+0xa): In function `main':
/head/user/links/configure:3879: undefined reference to `MD5Init'
collect2: ld returned 1 exit status
configure: failed program was:
#line 3862 "configure"
#include "confdefs.h"
/* System header to define __stub macros and hopefully few prototypes,
    which can conflict with char MD5Init(); below.  */
#include <assert.h>
/* Override any gcc2 internal prototype to avoid an error.  */
/* We use char because int might match the return type of a gcc2
    builtin and then its argument prototype would still apply.  */
char MD5Init();

int main() {

/* The GNU C library defines this for functions which it implements
    to always fail with ENOSYS.  Some functions are actually named
    something starting with __ and the normal name is an alias.  */
#if defined (__stub_MD5Init) || defined (__stub___MD5Init)
choke me
#else
MD5Init();
#endif

; return 0; }
configure:3857: checking for MD5Data
configure:3885: gcc -o conftest -g -O2   conftest.c -lm  1>&5
/var/tmp/ccKyuyfu.o(.text+0xa): In function `main':
/head/user/links/configure:3879: undefined reference to `MD5Data'
collect2: ld returned 1 exit status
configure: failed program was:
#line 3862 "configure"
#include "confdefs.h"
/* System header to define __stub macros and hopefully few prototypes,
    which can conflict with char MD5Data(); below.  */
#include <assert.h>
/* Override any gcc2 internal prototype to avoid an error.  */
/* We use char because int might match the return type of a gcc2
    builtin and then its argument prototype would still apply.  */
char MD5Data();

int main() {

/* The GNU C library defines this for functions which it implements
    to always fail with ENOSYS.  Some functions are actually named
    something starting with __ and the normal name is an alias.  */
#if defined (__stub_MD5Data) || defined (__stub___MD5Data)
choke me
#else
MD5Data();
#endif

; return 0; }
configure:3911: checking for socket
configure:3939: gcc -o conftest -g -O2   conftest.c -lm  1>&5
configure:4012: checking for setsockopt
configure:4040: gcc -o conftest -g -O2   conftest.c -lm  1>&5
configure:4114: checking for gethostbyname
configure:4142: gcc -o conftest -g -O2   conftest.c -lm  1>&5
configure:4264: checking for gethostbyaddr
configure:4292: gcc -o conftest -g -O2   conftest.c -lm  1>&5
configure:4315: checking for dhcp_option
configure:4343: gcc -o conftest -g -O2   conftest.c -lm  1>&5
/var/tmp/ccGEM3i4.o(.text+0xa): In function `main':
/head/user/links/configure:4337: undefined reference to `dhcp_option'
collect2: ld returned 1 exit status
configure: failed program was:
#line 4320 "configure"
#include "confdefs.h"
/* System header to define __stub macros and hopefully few prototypes,
    which can conflict with char dhcp_option(); below.  */
#include <assert.h>
/* Override any gcc2 internal prototype to avoid an error.  */
/* We use char because int might match the return type of a gcc2
    builtin and then its argument prototype would still apply.  */
char dhcp_option();

int main() {

/* The GNU C library defines this for functions which it implements
    to always fail with ENOSYS.  Some functions are actually named
    something starting with __ and the normal name is an alias.  */
#if defined (__stub_dhcp_option) || defined (__stub___dhcp_option)
choke me
#else
dhcp_option();
#endif

; return 0; }
configure:4367: checking for herror
configure:4395: gcc -o conftest -g -O2   conftest.c -lm  1>&5
configure:4418: checking for cfmakeraw
configure:4446: gcc -o conftest -g -O2   conftest.c -lm  1>&5
configure:4472: checking for cygwin_conv_to_full_win32_path
configure:4500: gcc -o conftest -g -O2   conftest.c -lm  1>&5
/var/tmp/ccirQRaE.o(.text+0xa): In function `main':
/head/user/links/configure:4494: undefined reference to `cygwin_conv_to_full_win32_path'
collect2: ld returned 1 exit status
configure: failed program was:
#line 4477 "configure"
#include "confdefs.h"
/* System header to define __stub macros and hopefully few prototypes,
    which can conflict with char cygwin_conv_to_full_win32_path(); below.  */
#include <assert.h>
/* Override any gcc2 internal prototype to avoid an error.  */
/* We use char because int might match the return type of a gcc2
    builtin and then its argument prototype would still apply.  */
char cygwin_conv_to_full_win32_path();

int main() {

/* The GNU C library defines this for functions which it implements
    to always fail with ENOSYS.  Some functions are actually named
    something starting with __ and the normal name is an alias.  */
#if defined (__stub_cygwin_conv_to_full_win32_path) || defined (__stub___cygwin_conv_to_full_win32_path)
choke me
#else
cygwin_conv_to_full_win32_path();
#endif

; return 0; }
configure:4526: checking for requested debug level
configure:4547: checking if you want to enable javascript
configure:4563: checking for pcre_compile in -lpcre
configure:4582: gcc -o conftest -g -O2   conftest.c -lpcre  -lm  1>&5
/usr/lib/gcc-lib/i386-slackware-linux/3.2.2/../../../../i386-slackware-linux/bin/ld: cannot find -lpcre
collect2: ld returned 1 exit status
configure: failed program was:
#line 4571 "configure"
#include "confdefs.h"
/* Override any gcc2 internal prototype to avoid an error.  */
/* We use char because int might match the return type of a gcc2
    builtin and then its argument prototype would still apply.  */
char pcre_compile();

int main() {
pcre_compile()
; return 0; }
configure:4613: checking for pcre.h
configure:4623: gcc -E  conftest.c >/dev/null 2>conftest.out
configure:4619:18: pcre.h: No such file or directory
configure: failed program was:
#line 4618 "configure"
#include "confdefs.h"
#include <pcre.h>
configure:4659: checking for regcomp
configure:4687: gcc -o conftest -g -O2   conftest.c -lm  1>&5
configure:4715: checking for regex.h
configure:4725: gcc -E  conftest.c >/dev/null 2>conftest.out
configure:4775: checking if you want to use graphics
configure:4887: checking for OS/2 threads
configure:4901: gcc -o conftest -g -O2 -Zmt   conftest.c -lm  1>&5
gcc: unrecognized option `-Zmt'
/var/tmp/ccOv9SaU.o(.text+0x12): In function `main':
/head/user/links/configure:4897: undefined reference to `_beginthread'
collect2: ld returned 1 exit status
configure: failed program was:
#line 4894 "configure"
#include "confdefs.h"
#include <stdlib.h>
int main() {
_beginthread(NULL, NULL, 0, NULL)
; return 0; }
configure:4936: checking for atheos/threads.h
configure:4946: gcc -E  conftest.c >/dev/null 2>conftest.out
configure:4942:28: atheos/threads.h: No such file or directory
configure: failed program was:
#line 4941 "configure"
#include "confdefs.h"
#include <atheos/threads.h>
configure:4975: checking for spawn_thread
configure:5003: gcc -o conftest -g -O2   conftest.c -lm  1>&5
/var/tmp/ccmyRm9f.o(.text+0xa): In function `main':
/head/user/links/configure:4997: undefined reference to `spawn_thread'
collect2: ld returned 1 exit status
configure: failed program was:
#line 4980 "configure"
#include "confdefs.h"
/* System header to define __stub macros and hopefully few prototypes,
    which can conflict with char spawn_thread(); below.  */
#include <assert.h>
/* Override any gcc2 internal prototype to avoid an error.  */
/* We use char because int might match the return type of a gcc2
    builtin and then its argument prototype would still apply.  */
char spawn_thread();

int main() {

/* The GNU C library defines this for functions which it implements
    to always fail with ENOSYS.  Some functions are actually named
    something starting with __ and the normal name is an alias.  */
#if defined (__stub_spawn_thread) || defined (__stub___spawn_thread)
choke me
#else
spawn_thread();
#endif

; return 0; }
configure:5030: checking for resume_thread
configure:5058: gcc -o conftest -g -O2   conftest.c -lm  1>&5
/var/tmp/ccyFnzKk.o(.text+0xa): In function `main':
/head/user/links/configure:5052: undefined reference to `resume_thread'
collect2: ld returned 1 exit status
configure: failed program was:
#line 5035 "configure"
#include "confdefs.h"
/* System header to define __stub macros and hopefully few prototypes,
    which can conflict with char resume_thread(); below.  */
#include <assert.h>
/* Override any gcc2 internal prototype to avoid an error.  */
/* We use char because int might match the return type of a gcc2
    builtin and then its argument prototype would still apply.  */
char resume_thread();

int main() {

/* The GNU C library defines this for functions which it implements
    to always fail with ENOSYS.  Some functions are actually named
    something starting with __ and the normal name is an alias.  */
#if defined (__stub_resume_thread) || defined (__stub___resume_thread)
choke me
#else
resume_thread();
#endif

; return 0; }
configure:5084: checking for MouOpen
configure:5112: gcc -o conftest -g -O2   conftest.c -lm  1>&5
/var/tmp/ccrLLqJh.o(.text+0xa): In function `main':
/head/user/links/configure:5106: undefined reference to `MouOpen'
collect2: ld returned 1 exit status
configure: failed program was:
#line 5089 "configure"
#include "confdefs.h"
/* System header to define __stub macros and hopefully few prototypes,
    which can conflict with char MouOpen(); below.  */
#include <assert.h>
/* Override any gcc2 internal prototype to avoid an error.  */
/* We use char because int might match the return type of a gcc2
    builtin and then its argument prototype would still apply.  */
char MouOpen();

int main() {

/* The GNU C library defines this for functions which it implements
    to always fail with ENOSYS.  Some functions are actually named
    something starting with __ and the normal name is an alias.  */
#if defined (__stub_MouOpen) || defined (__stub___MouOpen)
choke me
#else
MouOpen();
#endif

; return 0; }
configure:5135: checking for _read_kbd
configure:5163: gcc -o conftest -g -O2   conftest.c -lm  1>&5
/var/tmp/ccQf3Aoa.o(.text+0xa): In function `main':
/head/user/links/configure:5157: undefined reference to `_read_kbd'
collect2: ld returned 1 exit status
configure: failed program was:
#line 5140 "configure"
#include "confdefs.h"
/* System header to define __stub macros and hopefully few prototypes,
    which can conflict with char _read_kbd(); below.  */
#include <assert.h>
/* Override any gcc2 internal prototype to avoid an error.  */
/* We use char because int might match the return type of a gcc2
    builtin and then its argument prototype would still apply.  */
char _read_kbd();

int main() {

/* The GNU C library defines this for functions which it implements
    to always fail with ENOSYS.  Some functions are actually named
    something starting with __ and the normal name is an alias.  */
#if defined (__stub__read_kbd) || defined (__stub____read_kbd)
choke me
#else
_read_kbd();
#endif

; return 0; }
configure:5187: checking for XFree for OS/2
configure:5253: checking for dlopen in -ldl
configure:5272: gcc -o conftest -g -O2   conftest.c -ldl  -lm  1>&5
configure:5318: checking for pkg-config
configure:5445: checking for OpenSSL
configure:5462: gcc -o conftest -g -O2   conftest.c -lssl -lcrypto -ldl -lm  1>&5
configure:5456:25: openssl/ssl.h: No such file or directory
configure: failed program was:
#line 5455 "configure"
#include "confdefs.h"
#include <openssl/ssl.h>
int main() {
OpenSSL_add_all_algorithms()
; return 0; }
configure:5481: gcc -o conftest -g -O2   conftest.c -lssl -lcrypto -ldl -lm  1>&5
configure:5475:25: openssl/ssl.h: No such file or directory
configure: failed program was:
#line 5474 "configure"
#include "confdefs.h"
#include <openssl/ssl.h>
int main() {
SSLeay_add_ssl_algorithms()
; return 0; }
configure:5462: gcc -o conftest -g -O2   conftest.c -lssl -lcrypto -ldl -lm  1>&5
configure:5456:25: openssl/ssl.h: No such file or directory
configure: failed program was:
#line 5455 "configure"
#include "confdefs.h"
#include <openssl/ssl.h>
int main() {
OpenSSL_add_all_algorithms()
; return 0; }
configure:5481: gcc -o conftest -g -O2   conftest.c -lssl -lcrypto -ldl -lm  1>&5
configure:5475:25: openssl/ssl.h: No such file or directory
configure: failed program was:
#line 5474 "configure"
#include "confdefs.h"
#include <openssl/ssl.h>
int main() {
SSLeay_add_ssl_algorithms()
; return 0; }
configure:5462: gcc -o conftest -g -O2  -I/usr/local/include  conftest.c -L/usr/local/lib -lssl -lcrypto -ldl -lm  1>&5
configure:5456:25: openssl/ssl.h: No such file or directory
configure: failed program was:
#line 5455 "configure"
#include "confdefs.h"
#include <openssl/ssl.h>
int main() {
OpenSSL_add_all_algorithms()
; return 0; }
configure:5481: gcc -o conftest -g -O2  -I/usr/local/include  conftest.c -L/usr/local/lib -lssl -lcrypto -ldl -lm  1>&5
configure:5475:25: openssl/ssl.h: No such file or directory
configure: failed program was:
#line 5474 "configure"
#include "confdefs.h"
#include <openssl/ssl.h>
int main() {
SSLeay_add_ssl_algorithms()
; return 0; }
configure:5462: gcc -o conftest -g -O2  -I/usr/local/openssl/include  conftest.c -L/usr/local/openssl/lib -lssl -lcrypto -ldl -lm  1>&5
configure:5456:25: openssl/ssl.h: No such file or directory
configure: failed program was:
#line 5455 "configure"
#include "confdefs.h"
#include <openssl/ssl.h>
int main() {
OpenSSL_add_all_algorithms()
; return 0; }
configure:5481: gcc -o conftest -g -O2  -I/usr/local/openssl/include  conftest.c -L/usr/local/openssl/lib -lssl -lcrypto -ldl -lm  1>&5
configure:5475:25: openssl/ssl.h: No such file or directory
configure: failed program was:
#line 5474 "configure"
#include "confdefs.h"
#include <openssl/ssl.h>
int main() {
SSLeay_add_ssl_algorithms()
; return 0; }
configure:5462: gcc -o conftest -g -O2  -I/usr/lib/openssl/include  conftest.c -L/usr/lib/openssl/lib -lssl -lcrypto -ldl -lm  1>&5
configure:5456:25: openssl/ssl.h: No such file or directory
configure: failed program was:
#line 5455 "configure"
#include "confdefs.h"
#include <openssl/ssl.h>
int main() {
OpenSSL_add_all_algorithms()
; return 0; }
configure:5481: gcc -o conftest -g -O2  -I/usr/lib/openssl/include  conftest.c -L/usr/lib/openssl/lib -lssl -lcrypto -ldl -lm  1>&5
configure:5475:25: openssl/ssl.h: No such file or directory
configure: failed program was:
#line 5474 "configure"
#include "confdefs.h"
#include <openssl/ssl.h>
int main() {
SSLeay_add_ssl_algorithms()
; return 0; }
configure:5462: gcc -o conftest -g -O2  -I/usr/local/ssl/include  conftest.c -L/usr/local/ssl/lib -lssl -lcrypto -ldl -lm  1>&5
configure:5456:25: openssl/ssl.h: No such file or directory
configure: failed program was:
#line 5455 "configure"
#include "confdefs.h"
#include <openssl/ssl.h>
int main() {
OpenSSL_add_all_algorithms()
; return 0; }
configure:5481: gcc -o conftest -g -O2  -I/usr/local/ssl/include  conftest.c -L/usr/local/ssl/lib -lssl -lcrypto -ldl -lm  1>&5
configure:5475:25: openssl/ssl.h: No such file or directory
configure: failed program was:
#line 5474 "configure"
#include "confdefs.h"
#include <openssl/ssl.h>
int main() {
SSLeay_add_ssl_algorithms()
; return 0; }
configure:5462: gcc -o conftest -g -O2  -I/usr/local/www/include  conftest.c -L/usr/local/www/lib -lssl -lcrypto -ldl -lm  1>&5
configure:5456:25: openssl/ssl.h: No such file or directory
configure: failed program was:
#line 5455 "configure"
#include "confdefs.h"
#include <openssl/ssl.h>
int main() {
OpenSSL_add_all_algorithms()
; return 0; }
configure:5481: gcc -o conftest -g -O2  -I/usr/local/www/include  conftest.c -L/usr/local/www/lib -lssl -lcrypto -ldl -lm  1>&5
configure:5475:25: openssl/ssl.h: No such file or directory
configure: failed program was:
#line 5474 "configure"
#include "confdefs.h"
#include <openssl/ssl.h>
int main() {
SSLeay_add_ssl_algorithms()
; return 0; }
configure:5462: gcc -o conftest -g -O2  -I/usr/lib/ssl/include  conftest.c -L/usr/lib/ssl/lib -lssl -lcrypto -ldl -lm  1>&5
configure:5456:25: openssl/ssl.h: No such file or directory
configure: failed program was:
#line 5455 "configure"
#include "confdefs.h"
#include <openssl/ssl.h>
int main() {
OpenSSL_add_all_algorithms()
; return 0; }
configure:5481: gcc -o conftest -g -O2  -I/usr/lib/ssl/include  conftest.c -L/usr/lib/ssl/lib -lssl -lcrypto -ldl -lm  1>&5
configure:5475:25: openssl/ssl.h: No such file or directory
configure: failed program was:
#line 5474 "configure"
#include "confdefs.h"
#include <openssl/ssl.h>
int main() {
SSLeay_add_ssl_algorithms()
; return 0; }
configure:5462: gcc -o conftest -g -O2  -I/usr/local/include  conftest.c -L/usr/local/lib -lssl -lcrypto -ldl -lm  1>&5
configure:5456:25: openssl/ssl.h: No such file or directory
configure: failed program was:
#line 5455 "configure"
#include "confdefs.h"
#include <openssl/ssl.h>
int main() {
OpenSSL_add_all_algorithms()
; return 0; }
configure:5481: gcc -o conftest -g -O2  -I/usr/local/include  conftest.c -L/usr/local/lib -lssl -lcrypto -ldl -lm  1>&5
configure:5475:25: openssl/ssl.h: No such file or directory
configure: failed program was:
#line 5474 "configure"
#include "confdefs.h"
#include <openssl/ssl.h>
int main() {
SSLeay_add_ssl_algorithms()
; return 0; }
configure:5462: gcc -o conftest -g -O2  -I/usr/pkg/include  conftest.c -L/usr/pkg/lib -lssl -lcrypto -ldl -lm  1>&5
configure:5456:25: openssl/ssl.h: No such file or directory
configure: failed program was:
#line 5455 "configure"
#include "confdefs.h"
#include <openssl/ssl.h>
int main() {
OpenSSL_add_all_algorithms()
; return 0; }
configure:5481: gcc -o conftest -g -O2  -I/usr/pkg/include  conftest.c -L/usr/pkg/lib -lssl -lcrypto -ldl -lm  1>&5
configure:5475:25: openssl/ssl.h: No such file or directory
configure: failed program was:
#line 5474 "configure"
#include "confdefs.h"
#include <openssl/ssl.h>
int main() {
SSLeay_add_ssl_algorithms()
; return 0; }
configure:5462: gcc -o conftest -g -O2  -I/opt/include  conftest.c -L/opt/lib -lssl -lcrypto -ldl -lm  1>&5
configure:5456:25: openssl/ssl.h: No such file or directory
configure: failed program was:
#line 5455 "configure"
#include "confdefs.h"
#include <openssl/ssl.h>
int main() {
OpenSSL_add_all_algorithms()
; return 0; }
configure:5481: gcc -o conftest -g -O2  -I/opt/include  conftest.c -L/opt/lib -lssl -lcrypto -ldl -lm  1>&5
configure:5475:25: openssl/ssl.h: No such file or directory
configure: failed program was:
#line 5474 "configure"
#include "confdefs.h"
#include <openssl/ssl.h>
int main() {
SSLeay_add_ssl_algorithms()
; return 0; }
configure:5462: gcc -o conftest -g -O2  -I/opt/openssl/include  conftest.c -L/opt/openssl/lib -lssl -lcrypto -ldl -lm  1>&5
configure:5456:25: openssl/ssl.h: No such file or directory
configure: failed program was:
#line 5455 "configure"
#include "confdefs.h"
#include <openssl/ssl.h>
int main() {
OpenSSL_add_all_algorithms()
; return 0; }
configure:5481: gcc -o conftest -g -O2  -I/opt/openssl/include  conftest.c -L/opt/openssl/lib -lssl -lcrypto -ldl -lm  1>&5
configure:5475:25: openssl/ssl.h: No such file or directory
configure: failed program was:
#line 5474 "configure"
#include "confdefs.h"
#include <openssl/ssl.h>
int main() {
SSLeay_add_ssl_algorithms()
; return 0; }
configure:5462: gcc -o conftest -g -O2  -I/opt/openssl/include  conftest.c -lssl -lcrypto -ldl -lm  1>&5
configure:5456:25: openssl/ssl.h: No such file or directory
configure: failed program was:
#line 5455 "configure"
#include "confdefs.h"
#include <openssl/ssl.h>
int main() {
OpenSSL_add_all_algorithms()
; return 0; }
configure:5481: gcc -o conftest -g -O2  -I/opt/openssl/include  conftest.c -lssl -lcrypto -ldl -lm  1>&5
configure:5475:25: openssl/ssl.h: No such file or directory
configure: failed program was:
#line 5474 "configure"
#include "confdefs.h"
#include <openssl/ssl.h>
int main() {
SSLeay_add_ssl_algorithms()
; return 0; }
