Denver,CO	United States	2384	-6299	/US/Mountain
Salt Lake City,UT	United States	2445	-6717	/US/Mountain
Chicago,IL	United States	2512	-5258	/US/Central
Indianapolis,IN	United States	2386	-5169	/US/Indiana-Starke
New_York,NY	United States	2445	-4439	/US/Eastern
Honolulu,HI	United States	-1278	-9471	/US/Hawaii
Detroit,MI	United States	2539	-4982	/US/Michigan
Anchorage,AK	United States	3670	-8994	/US/Alaska
Phoenix,AZ	United States	2007	-6724	/US/Arizona
Los_Angeles,CA	United States	2043	-7094	/US/Pacific
Asmara,Eritrea	Eritrea	916	2334	/Africa/Asmera
Cairo,Egypt	Egypt	1800	1876	/Africa/Cairo
Kabul,Afghanistan	Afghanistan	2074	4153	/Asia/Kabul
Sarajevo,Bosnia	Bosnia	2629	1100	/Europe/Sarajevo
Tirane,Albania	Albania	2479	1189	/Europe/Tirane
Algiers,Algeria	Algeria	2202	193	/Africa/Algiers
Buenos_Aires,Argent.	Argentina	-2059	-3509	/America/Buenos_Aires
Andorra la Vella,Andoroa	Andorra	2550	90	/Europre/Andorra
Luanda,Angola	Angola	-529	794	/Africa/Johannesburg
Adelaide,Australia	Australia	-2085	8312	/Australia/Adelaide
Melbourne,Australia	Australia	-2271	8707	/Australia/Melbourne
Perth,Australia	Australia	-1909	6970	/Australia/Perth
Vienna,Austria	Austria	2893	982	/Europe/Vienna
Al_Manamah,Bahrain	Bahrain	1561	3033	/Asia/Bahrain
Dhaka,Bangladesh	Bangladesh	1422	5423	/Asia/Dhaka
Brussels,Belgium	Belgium	3051	261	/Europe/Brussels
Porto-Novo,Benin	Benin	388	157	/Africa/Porto-Novo
La_Paz,Bolivia	Bolivia	-991	-4090	/America/La_Paz
Gaborone,Botswana	Botswana	-1479	1554	/Africa/Johannesburg
Sao_Paulo,Brazil	Brazil	-1413	-2797	/America/Sao_Paulo
Belem,Brazil	Brazil	-82	-2908	/America/Belem
Manaus,Brazil	Brazil	-181	-3603	/America/Manaus
Sofia,Bulgaria	Bulgaria	2563	1399	/Europe/Sofia
Douala,Cameroon	Cameroon	241	583	/Africa/Douala
Amilcar_Cabral,C._Ver	Cape Verde	1005	-1377	/Atlantic/Cape_Verde
N'djamina,Chad	Chad	728	902	/Africa/Ndjamena
Santiago,Chile	Chile	-2005	-4239	/America/Santiago
Beijing,China	China	2395	6984	/Asia/Shanghai
Shanghai,China	China	1873	7287	/Asia/Shanghai
Bogota,Colombia	Colombia	277	-4445	/America/Bogota
Bogota,Colombia	Colombia	277	-4445	/America/Bogota
San_Jose,Costa_Rica	Costa Rica	597	-5044	/America/Costa_Rica
Havana,Cuba	Cuba	1387	-4942	/America/Havana
Nicosia,Cyprus	Cyprus	2109	1996	/Asia/Nicosia
Prague,Czech_Rep.	Czech Republic	3004	865	/Europe/Prague
Copenhagen,Denmark	Denmark	3343	747	/Europe/Copenhagen
Santo_Domingo,Dom._Re	Dominican Republic	1106	-4180	/America/Santo_Domingo
Guayaquil,Ecuador	Ecuador	-135	-4792	/America/Guayaquil
Tallinn,Estonia	Estonia	3566	1484	/Europe/Tallinn
Addis_Ababa,Ethiopia	Ethiopia	540	2323	/Africa/Addis_Ababa
Nandi,Fiji	Fiji	-1065	10647	/Pacific/Fiji
Helsinki,Finland	Finland	3609	1492	/Europe/Helsinki
