This file contains any messages produced by compilers while
running configure, to aid debugging if configure makes a mistake.

It was created by configure, which was
generated by GNU Autoconf 2.60a.  Invocation command line was

  $ ./configure 

## --------- ##
## Platform. ##
## --------- ##

hostname = prophet
uname -m = i686
uname -r = 2.6.18-mactel
uname -s = Linux
uname -v = #1 SMP Tue Oct 10 12:17:51 CEST 2006

/usr/bin/uname -p = unknown
/bin/uname -X     = unknown

/bin/arch              = i686
/usr/bin/arch -k       = unknown
/usr/convex/getsysinfo = unknown
/usr/bin/hostinfo      = unknown
/bin/machine           = unknown
/usr/bin/oslevel       = unknown
/bin/universe          = unknown

PATH: /usr/local/bin
PATH: /usr/bin
PATH: /bin
PATH: /usr/bin/X11
PATH: /usr/games


## ----------- ##
## Core tests. ##
## ----------- ##

configure:1789: checking for a BSD-compatible install
configure:1845: result: /usr/bin/install -c
configure:1856: checking whether build environment is sane
configure:1899: result: yes
configure:1964: checking for gawk
configure:1994: result: no
configure:1964: checking for mawk
configure:1980: found /usr/bin/mawk
configure:1991: result: mawk
configure:2002: checking whether make sets $(MAKE)
configure:2023: result: yes
configure:2258: checking for gcc
configure:2274: found /usr/bin/gcc
configure:2285: result: gcc
configure:2523: checking for C compiler version
configure:2530: gcc --version >&5
gcc (GCC) 4.1.2 20060901 (prerelease) (Debian 4.1.1-13)
Copyright (C) 2006 Free Software Foundation, Inc.
This is free software; see the source for copying conditions.  There is NO
warranty; not even for MERCHANTABILITY or FITNESS FOR A PARTICULAR PURPOSE.

configure:2533: $? = 0
configure:2540: gcc -v >&5
Using built-in specs.
Target: i486-linux-gnu
Configured with: ../src/configure -v --enable-languages=c,c++,fortran,objc,obj-c++,treelang --prefix=/usr --enable-shared --with-system-zlib --libexecdir=/usr/lib --without-included-gettext --enable-threads=posix --enable-nls --program-suffix=-4.1 --enable-__cxa_atexit --enable-clocale=gnu --enable-libstdcxx-debug --enable-mpfr --with-tune=i686 --enable-checking=release i486-linux-gnu
Thread model: posix
gcc version 4.1.2 20060901 (prerelease) (Debian 4.1.1-13)
configure:2543: $? = 0
configure:2550: gcc -V >&5
gcc: '-V' option must have argument
configure:2553: $? = 1
configure:2576: checking for C compiler default output file name
configure:2603: gcc    conftest.c  >&5
configure:2606: $? = 0
configure:2644: result: a.out
configure:2661: checking whether the C compiler works
configure:2671: ./a.out
configure:2674: $? = 0
configure:2691: result: yes
configure:2698: checking whether we are cross compiling
configure:2700: result: no
configure:2703: checking for suffix of executables
configure:2710: gcc -o conftest    conftest.c  >&5
configure:2713: $? = 0
configure:2737: result: 
configure:2743: checking for suffix of object files
configure:2769: gcc -c   conftest.c >&5
configure:2772: $? = 0
configure:2795: result: o
configure:2799: checking whether we are using the GNU C compiler
configure:2828: gcc -c   conftest.c >&5
configure:2834: $? = 0
configure:2841: test -z "$ac_c_werror_flag" || test ! -s conftest.err
configure:2844: $? = 0
configure:2851: test -s conftest.o
configure:2854: $? = 0
configure:2868: result: yes
configure:2873: checking whether gcc accepts -g
configure:2903: gcc -c -g  conftest.c >&5
configure:2909: $? = 0
configure:2916: test -z "$ac_c_werror_flag" || test ! -s conftest.err
configure:2919: $? = 0
configure:2926: test -s conftest.o
configure:2929: $? = 0
configure:3059: result: yes
configure:3076: checking for gcc option to accept ISO C89
configure:3150: gcc  -c -g -O2  conftest.c >&5
configure:3156: $? = 0
configure:3163: test -z "$ac_c_werror_flag" || test ! -s conftest.err
configure:3166: $? = 0
configure:3173: test -s conftest.o
configure:3176: $? = 0
configure:3196: result: none needed
configure:3225: checking for style of include used by make
configure:3253: result: GNU
configure:3281: checking dependency style of gcc
configure:3371: result: gcc3
configure:3401: checking for a BSD-compatible install
configure:3457: result: /usr/bin/install -c
configure:3468: checking whether make sets $(MAKE)
configure:3489: result: yes
configure:3506: checking how to run the C preprocessor
configure:3546: gcc -E  conftest.c
configure:3552: $? = 0
configure:3590: gcc -E  conftest.c
conftest.c:10:28: error: ac_nonexistent.h: No such file or directory
configure:3596: $? = 1
configure: failed program was:
| /* confdefs.h.  */
| #define PACKAGE_NAME ""
| #define PACKAGE_TARNAME ""
| #define PACKAGE_VERSION ""
| #define PACKAGE_STRING ""
| #define PACKAGE_BUGREPORT ""
| #define PACKAGE "tmsnc"
| #define VERSION "0.3.2"
| /* end confdefs.h.  */
| #include <ac_nonexistent.h>
configure:3636: result: gcc -E
configure:3665: gcc -E  conftest.c
configure:3671: $? = 0
configure:3709: gcc -E  conftest.c
conftest.c:10:28: error: ac_nonexistent.h: No such file or directory
configure:3715: $? = 1
configure: failed program was:
| /* confdefs.h.  */
| #define PACKAGE_NAME ""
| #define PACKAGE_TARNAME ""
| #define PACKAGE_VERSION ""
| #define PACKAGE_STRING ""
| #define PACKAGE_BUGREPORT ""
| #define PACKAGE "tmsnc"
| #define VERSION "0.3.2"
| /* end confdefs.h.  */
| #include <ac_nonexistent.h>
configure:3760: checking for grep that handles long lines and -e
configure:3834: result: /bin/grep
configure:3839: checking for egrep
configure:3917: result: /bin/grep -E
configure:3922: checking for ANSI C header files
configure:3952: gcc -c -g -O2  conftest.c >&5
configure:3958: $? = 0
configure:3965: test -z "$ac_c_werror_flag" || test ! -s conftest.err
configure:3968: $? = 0
configure:3975: test -s conftest.o
configure:3978: $? = 0
configure:4074: gcc -o conftest -g -O2   conftest.c  >&5
configure:4077: $? = 0
configure:4083: ./conftest
configure:4086: $? = 0
configure:4103: result: yes
configure:4129: checking for sys/types.h
configure:4150: gcc -c -g -O2  conftest.c >&5
configure:4156: $? = 0
configure:4163: test -z "$ac_c_werror_flag" || test ! -s conftest.err
configure:4166: $? = 0
configure:4173: test -s conftest.o
configure:4176: $? = 0
configure:4189: result: yes
configure:4129: checking for sys/stat.h
configure:4150: gcc -c -g -O2  conftest.c >&5
configure:4156: $? = 0
configure:4163: test -z "$ac_c_werror_flag" || test ! -s conftest.err
configure:4166: $? = 0
configure:4173: test -s conftest.o
configure:4176: $? = 0
configure:4189: result: yes
configure:4129: checking for stdlib.h
configure:4150: gcc -c -g -O2  conftest.c >&5
configure:4156: $? = 0
configure:4163: test -z "$ac_c_werror_flag" || test ! -s conftest.err
configure:4166: $? = 0
configure:4173: test -s conftest.o
configure:4176: $? = 0
configure:4189: result: yes
configure:4129: checking for string.h
configure:4150: gcc -c -g -O2  conftest.c >&5
configure:4156: $? = 0
configure:4163: test -z "$ac_c_werror_flag" || test ! -s conftest.err
configure:4166: $? = 0
configure:4173: test -s conftest.o
configure:4176: $? = 0
configure:4189: result: yes
configure:4129: checking for memory.h
configure:4150: gcc -c -g -O2  conftest.c >&5
configure:4156: $? = 0
configure:4163: test -z "$ac_c_werror_flag" || test ! -s conftest.err
configure:4166: $? = 0
configure:4173: test -s conftest.o
configure:4176: $? = 0
configure:4189: result: yes
configure:4129: checking for strings.h
configure:4150: gcc -c -g -O2  conftest.c >&5
configure:4156: $? = 0
configure:4163: test -z "$ac_c_werror_flag" || test ! -s conftest.err
configure:4166: $? = 0
configure:4173: test -s conftest.o
configure:4176: $? = 0
configure:4189: result: yes
configure:4129: checking for inttypes.h
configure:4150: gcc -c -g -O2  conftest.c >&5
configure:4156: $? = 0
configure:4163: test -z "$ac_c_werror_flag" || test ! -s conftest.err
configure:4166: $? = 0
configure:4173: test -s conftest.o
configure:4176: $? = 0
configure:4189: result: yes
configure:4129: checking for stdint.h
configure:4150: gcc -c -g -O2  conftest.c >&5
configure:4156: $? = 0
configure:4163: test -z "$ac_c_werror_flag" || test ! -s conftest.err
configure:4166: $? = 0
configure:4173: test -s conftest.o
configure:4176: $? = 0
configure:4189: result: yes
configure:4129: checking for unistd.h
configure:4150: gcc -c -g -O2  conftest.c >&5
configure:4156: $? = 0
configure:4163: test -z "$ac_c_werror_flag" || test ! -s conftest.err
configure:4166: $? = 0
configure:4173: test -s conftest.o
configure:4176: $? = 0
configure:4189: result: yes
configure:4201: checking for pid_t
configure:4231: gcc -c -g -O2  conftest.c >&5
configure:4237: $? = 0
configure:4244: test -z "$ac_c_werror_flag" || test ! -s conftest.err
configure:4247: $? = 0
configure:4254: test -s conftest.o
configure:4257: $? = 0
configure:4269: result: yes
configure:4281: checking for size_t
configure:4311: gcc -c -g -O2  conftest.c >&5
configure:4317: $? = 0
configure:4324: test -z "$ac_c_werror_flag" || test ! -s conftest.err
configure:4327: $? = 0
configure:4334: test -s conftest.o
configure:4337: $? = 0
configure:4349: result: yes
configure:4361: checking whether time.h and sys/time.h may both be included
configure:4391: gcc -c -g -O2  conftest.c >&5
configure:4397: $? = 0
configure:4404: test -z "$ac_c_werror_flag" || test ! -s conftest.err
configure:4407: $? = 0
configure:4414: test -s conftest.o
configure:4417: $? = 0
configure:4429: result: yes
configure:4439: checking whether struct tm is in sys/time.h or time.h
configure:4467: gcc -c -g -O2  conftest.c >&5
configure:4473: $? = 0
configure:4480: test -z "$ac_c_werror_flag" || test ! -s conftest.err
configure:4483: $? = 0
configure:4490: test -s conftest.o
configure:4493: $? = 0
configure:4505: result: time.h
configure:4516: checking for library containing gethostbyname
configure:4557: gcc -o conftest -g -O2   conftest.c  >&5
configure:4563: $? = 0
configure:4570: test -z "$ac_c_werror_flag" || test ! -s conftest.err
configure:4573: $? = 0
configure:4580: test -s conftest
configure:4583: $? = 0
configure:4607: result: none required
configure:4615: checking for socket
configure:4671: gcc -o conftest -g -O2   conftest.c  >&5
configure:4677: $? = 0
configure:4684: test -z "$ac_c_werror_flag" || test ! -s conftest.err
configure:4687: $? = 0
configure:4694: test -s conftest
configure:4697: $? = 0
configure:4710: result: yes
configure:5084: checking location of ncurses.h file...
configure:5092: result: Found ncurses on /usr/include/ncurses.h
configure:5367: checking for use_default_colors
configure:5423: gcc -o conftest -g -O2   conftest.c -lncurses >&5
configure:5429: $? = 0
configure:5436: test -z "$ac_c_werror_flag" || test ! -s conftest.err
configure:5439: $? = 0
configure:5446: test -s conftest
configure:5449: $? = 0
configure:5463: result: yes
configure:5367: checking for resizeterm
configure:5423: gcc -o conftest -g -O2   conftest.c -lncurses >&5
configure:5429: $? = 0
configure:5436: test -z "$ac_c_werror_flag" || test ! -s conftest.err
configure:5439: $? = 0
configure:5446: test -s conftest
configure:5449: $? = 0
configure:5463: result: yes
configure:5367: checking for resize_term
configure:5423: gcc -o conftest -g -O2   conftest.c -lncurses >&5
configure:5429: $? = 0
configure:5436: test -z "$ac_c_werror_flag" || test ! -s conftest.err
configure:5439: $? = 0
configure:5446: test -s conftest
configure:5449: $? = 0
configure:5463: result: yes
configure:5367: checking for wadd_wch
configure:5423: gcc -o conftest -g -O2   conftest.c -lncurses >&5
/tmp/cciXPB1b.o: In function `main':
/home/jonas/tmsnc/conftest.c:60: undefined reference to `wadd_wch'
collect2: ld returned 1 exit status
configure:5429: $? = 1
configure: failed program was:
| /* confdefs.h.  */
| #define PACKAGE_NAME ""
| #define PACKAGE_TARNAME ""
| #define PACKAGE_VERSION ""
| #define PACKAGE_STRING ""
| #define PACKAGE_BUGREPORT ""
| #define PACKAGE "tmsnc"
| #define VERSION "0.3.2"
| #define STDC_HEADERS 1
| #define HAVE_SYS_TYPES_H 1
| #define HAVE_SYS_STAT_H 1
| #define HAVE_STDLIB_H 1
| #define HAVE_STRING_H 1
| #define HAVE_MEMORY_H 1
| #define HAVE_STRINGS_H 1
| #define HAVE_INTTYPES_H 1
| #define HAVE_STDINT_H 1
| #define HAVE_UNISTD_H 1
| #define TIME_WITH_SYS_TIME 1
| #define HAS_CURSES 1
| #define USE_NCURSES 1
| #define HAVE_USE_DEFAULT_COLORS 1
| #define HAVE_RESIZETERM 1
| #define HAVE_RESIZE_TERM 1
| /* end confdefs.h.  */
| /* Define wadd_wch to an innocuous variant, in case <limits.h> declares wadd_wch.
|    For example, HP-UX 11i <limits.h> declares gettimeofday.  */
| #define wadd_wch innocuous_wadd_wch
| 
| /* System header to define __stub macros and hopefully few prototypes,
|     which can conflict with char wadd_wch (); below.
|     Prefer <limits.h> to <assert.h> if __STDC__ is defined, since
|     <limits.h> exists even on freestanding compilers.  */
| 
| #ifdef __STDC__
| # include <limits.h>
| #else
| # include <assert.h>
| #endif
| 
| #undef wadd_wch
| 
| /* Override any GCC internal prototype to avoid an error.
|    Use char because int might match the return type of a GCC
|    builtin and then its argument prototype would still apply.  */
| #ifdef __cplusplus
| extern "C"
| #endif
| char wadd_wch ();
| /* The GNU C library defines this for functions which it implements
|     to always fail with ENOSYS.  Some functions are actually named
|     something starting with __ and the normal name is an alias.  */
| #if defined __stub_wadd_wch || defined __stub___wadd_wch
| choke me
| #endif
| 
| int
| main ()
| {
| return wadd_wch ();
|   ;
|   return 0;
| }
configure:5463: result: no
configure:5515: checking build system type
configure:5533: result: i686-pc-linux-gnu
configure:5555: checking host system type
configure:5570: result: i686-pc-linux-gnu
configure:5616: checking for ld used by GCC
configure:5680: result: /usr/bin/ld
configure:5689: checking if the linker (/usr/bin/ld) is GNU ld
configure:5702: result: yes
configure:5709: checking for shared library run path origin
configure:5722: result: done
configure:6152: checking for iconv
configure:6184: gcc -o conftest -g -O2   conftest.c  >&5
configure:6190: $? = 0
configure:6197: test -z "$ac_c_werror_flag" || test ! -s conftest.err
configure:6200: $? = 0
configure:6207: test -s conftest
configure:6210: $? = 0
configure:6292: result: yes
configure:6315: checking for iconv declaration
configure:6354: gcc -c -g -O2  conftest.c >&5
configure:6360: $? = 0
configure:6367: test -z "$ac_c_werror_flag" || test ! -s conftest.err
configure:6370: $? = 0
configure:6377: test -s conftest.o
configure:6380: $? = 0
configure:6396: result: 
         extern size_t iconv (iconv_t cd, char * *inbuf, size_t *inbytesleft, char * *outbuf, size_t *outbytesleft);
configure:6424: checking for openssl
configure:6494: result: yes
configure:6521: checking for gtf_filter_warez in -ltalkfilters
configure:6556: gcc -o conftest -g -O2   conftest.c -ltalkfilters   >&5
/usr/bin/ld: cannot find -ltalkfilters
collect2: ld returned 1 exit status
configure:6562: $? = 1
configure: failed program was:
| /* confdefs.h.  */
| #define PACKAGE_NAME ""
| #define PACKAGE_TARNAME ""
| #define PACKAGE_VERSION ""
| #define PACKAGE_STRING ""
| #define PACKAGE_BUGREPORT ""
| #define PACKAGE "tmsnc"
| #define VERSION "0.3.2"
| #define STDC_HEADERS 1
| #define HAVE_SYS_TYPES_H 1
| #define HAVE_SYS_STAT_H 1
| #define HAVE_STDLIB_H 1
| #define HAVE_STRING_H 1
| #define HAVE_MEMORY_H 1
| #define HAVE_STRINGS_H 1
| #define HAVE_INTTYPES_H 1
| #define HAVE_STDINT_H 1
| #define HAVE_UNISTD_H 1
| #define TIME_WITH_SYS_TIME 1
| #define HAS_CURSES 1
| #define USE_NCURSES 1
| #define HAVE_USE_DEFAULT_COLORS 1
| #define HAVE_RESIZETERM 1
| #define HAVE_RESIZE_TERM 1
| #define HAVE_ICONV 1
| #define ICONV_CONST 
| #define HAVE_OPENSSL 1
| /* end confdefs.h.  */
| 
| /* Override any GCC internal prototype to avoid an error.
|    Use char because int might match the return type of a GCC
|    builtin and then its argument prototype would still apply.  */
| #ifdef __cplusplus
| extern "C"
| #endif
| char gtf_filter_warez ();
| int
| main ()
| {
| return gtf_filter_warez ();
|   ;
|   return 0;
| }
configure:6596: result: no
configure:6781: creating ./config.status

## ---------------------- ##
## Running config.status. ##
## ---------------------- ##

This file was extended by config.status, which was
generated by GNU Autoconf 2.60a.  Invocation command line was

  CONFIG_FILES    = 
  CONFIG_HEADERS  = 
  CONFIG_LINKS    = 
  CONFIG_COMMANDS = 
  $ ./config.status 

on prophet

config.status:646: creating Makefile
config.status:646: creating doc/Makefile
config.status:646: creating src/Makefile
config.status:646: creating autopackage/default.apspec
config.status:646: creating src/config.h
config.status:921: executing depfiles commands

## ---------------- ##
## Cache variables. ##
## ---------------- ##

ac_cv_build=i686-pc-linux-gnu
ac_cv_c_compiler_gnu=yes
ac_cv_env_CC_set=
ac_cv_env_CC_value=
ac_cv_env_CFLAGS_set=
ac_cv_env_CFLAGS_value=
ac_cv_env_CPPFLAGS_set=
ac_cv_env_CPPFLAGS_value=
ac_cv_env_CPP_set=
ac_cv_env_CPP_value=
ac_cv_env_LDFLAGS_set=
ac_cv_env_LDFLAGS_value=
ac_cv_env_build_alias_set=
ac_cv_env_build_alias_value=
ac_cv_env_host_alias_set=
ac_cv_env_host_alias_value=
ac_cv_env_target_alias_set=
ac_cv_env_target_alias_value=
ac_cv_func_resize_term=yes
ac_cv_func_resizeterm=yes
ac_cv_func_socket=yes
ac_cv_func_use_default_colors=yes
ac_cv_func_wadd_wch=no
ac_cv_header_inttypes_h=yes
ac_cv_header_memory_h=yes
ac_cv_header_stdc=yes
ac_cv_header_stdint_h=yes
ac_cv_header_stdlib_h=yes
ac_cv_header_string_h=yes
ac_cv_header_strings_h=yes
ac_cv_header_sys_stat_h=yes
ac_cv_header_sys_types_h=yes
ac_cv_header_time=yes
ac_cv_header_unistd_h=yes
ac_cv_host=i686-pc-linux-gnu
ac_cv_lib_talkfilters_gtf_filter_warez=no
ac_cv_objext=o
ac_cv_path_EGREP='/bin/grep -E'
ac_cv_path_GREP=/bin/grep
ac_cv_path_install='/usr/bin/install -c'
ac_cv_prog_AWK=mawk
ac_cv_prog_CPP='gcc -E'
ac_cv_prog_ac_ct_CC=gcc
ac_cv_prog_cc_c89=
ac_cv_prog_cc_g=yes
ac_cv_prog_make_make_set=yes
ac_cv_search_gethostbyname='none required'
ac_cv_struct_tm=time.h
ac_cv_type_pid_t=yes
ac_cv_type_size_t=yes
acl_cv_hardcode_direct=no
acl_cv_hardcode_libdir_flag_spec='${wl}-rpath ${wl}$libdir'
acl_cv_hardcode_libdir_separator=
acl_cv_hardcode_minus_L=no
acl_cv_libext=a
acl_cv_path_LD=/usr/bin/ld
acl_cv_prog_gnu_ld=yes
acl_cv_rpath=done
acl_cv_shlibext=so
acl_cv_wl=-Wl,
am_cv_CC_dependencies_compiler_type=gcc3
am_cv_func_iconv=yes
am_cv_lib_iconv=no
am_cv_proto_iconv='extern size_t iconv (iconv_t cd, char * *inbuf, size_t *inbytesleft, char * *outbuf, size_t *outbytesleft);'
am_cv_proto_iconv_arg1=

## ----------------- ##
## Output variables. ##
## ----------------- ##

ACLOCAL='${SHELL} /home/jonas/tmsnc/missing --run aclocal-1.9'
AMDEPBACKSLASH='\'
AMDEP_FALSE='#'
AMDEP_TRUE=''
AMTAR='${SHELL} /home/jonas/tmsnc/missing --run tar'
AUTOCONF='${SHELL} /home/jonas/tmsnc/missing --run autoconf'
AUTOHEADER='${SHELL} /home/jonas/tmsnc/missing --run autoheader'
AUTOMAKE='${SHELL} /home/jonas/tmsnc/missing --run automake-1.9'
AWK='mawk'
CC='gcc'
CCDEPMODE='depmode=gcc3'
CFLAGS='-g -O2'
CPP='gcc -E'
CPPFLAGS=''
CURSES_INCLUDEDIR=''
CURSES_LIBS='-lncurses -lpanel -lform'
CYGPATH_W='echo'
DEFS='-DHAVE_CONFIG_H'
DEPDIR='.deps'
ECHO_C=''
ECHO_N='-n'
ECHO_T=''
EGREP='/bin/grep -E'
EXEEXT=''
GREP='/bin/grep'
INSTALL_DATA='${INSTALL} -m 644'
INSTALL_PROGRAM='${INSTALL}'
INSTALL_SCRIPT='${INSTALL}'
INSTALL_STRIP_PROGRAM='${SHELL} $(install_sh) -c -s'
LDFLAGS=''
LIBICONV=''
LIBOBJS=''
LIBS=''
LTLIBICONV=''
LTLIBOBJS=''
MAKEINFO='${SHELL} /home/jonas/tmsnc/missing --run makeinfo'
OBJEXT='o'
OPENSSL_FALSE='#'
OPENSSL_TRUE=''
PACKAGE='tmsnc'
PACKAGE_BUGREPORT=''
PACKAGE_NAME=''
PACKAGE_STRING=''
PACKAGE_TARNAME=''
PACKAGE_VERSION=''
PATH_SEPARATOR=':'
SET_MAKE=''
SHELL='/bin/sh'
SSLINC=''
SSLLIB='-lssl -lcrypto'
STRIP=''
TALKFILTERS_FALSE=''
TALKFILTERS_TRUE='#'
TFLIB=''
VERSION='0.3.2'
ac_ct_CC='gcc'
am__fastdepCC_FALSE='#'
am__fastdepCC_TRUE=''
am__include='include'
am__leading_dot='.'
am__quote=''
am__tar='${AMTAR} chof - "$$tardir"'
am__untar='${AMTAR} xf -'
bindir='${exec_prefix}/bin'
build='i686-pc-linux-gnu'
build_alias=''
build_cpu='i686'
build_os='linux-gnu'
build_vendor='pc'
datadir='${datarootdir}'
datarootdir='${prefix}/share'
docdir='${datarootdir}/doc/${PACKAGE}'
dvidir='${docdir}'
exec_prefix='${prefix}'
host='i686-pc-linux-gnu'
host_alias=''
host_cpu='i686'
host_os='linux-gnu'
host_vendor='pc'
htmldir='${docdir}'
includedir='${prefix}/include'
infodir='${datarootdir}/info'
install_sh='/home/jonas/tmsnc/install-sh'
libdir='${exec_prefix}/lib'
libexecdir='${exec_prefix}/libexec'
localedir='${datarootdir}/locale'
localstatedir='${prefix}/var'
mandir='${datarootdir}/man'
mkdir_p='mkdir -p --'
oldincludedir='/usr/include'
pdfdir='${docdir}'
prefix='/usr/local'
program_transform_name='s,x,x,'
psdir='${docdir}'
sbindir='${exec_prefix}/sbin'
sharedstatedir='${prefix}/com'
sysconfdir='${prefix}/etc'
target_alias=''
tmsnc_VERSION='0.3.2'

## ----------- ##
## confdefs.h. ##
## ----------- ##

#define PACKAGE_NAME ""
#define PACKAGE_TARNAME ""
#define PACKAGE_VERSION ""
#define PACKAGE_STRING ""
#define PACKAGE_BUGREPORT ""
#define PACKAGE "tmsnc"
#define VERSION "0.3.2"
#define STDC_HEADERS 1
#define HAVE_SYS_TYPES_H 1
#define HAVE_SYS_STAT_H 1
#define HAVE_STDLIB_H 1
#define HAVE_STRING_H 1
#define HAVE_MEMORY_H 1
#define HAVE_STRINGS_H 1
#define HAVE_INTTYPES_H 1
#define HAVE_STDINT_H 1
#define HAVE_UNISTD_H 1
#define TIME_WITH_SYS_TIME 1
#define HAS_CURSES 1
#define USE_NCURSES 1
#define HAVE_USE_DEFAULT_COLORS 1
#define HAVE_RESIZETERM 1
#define HAVE_RESIZE_TERM 1
#define HAVE_ICONV 1
#define ICONV_CONST 
#define HAVE_OPENSSL 1

configure: exit 0

## ---------------------- ##
## Running config.status. ##
## ---------------------- ##

This file was extended by config.status, which was
generated by GNU Autoconf 2.60a.  Invocation command line was

  CONFIG_FILES    = 
  CONFIG_HEADERS  = 
  CONFIG_LINKS    = 
  CONFIG_COMMANDS = 
  $ ./config.status src/config.h

on prophet

config.status:646: creating src/config.h
config.status:875: src/config.h is unchanged
